2025-09-17 18:54:40 Mohits-MacBook-Pro.local my_wiki: [d9400f608cf0724eb658d9cd] /   Wikimedia\Rdbms\DBQueryError: Error 1: no such table: cw_wikis
Function: Miraheze\CreateWiki\Services\CreateWikiDataStore::resetDatabaseLists
Query: SELECT  wiki_dbcluster,wiki_dbname,wiki_deleted,wiki_sitename,wiki_url  FROM "cw_wikis"     

#0 /Users/mohitkumar/Downloads/PProjects/wikipedia_v2/GnosPedia/includes/libs/rdbms/database/Database.php(1216): Wikimedia\Rdbms\Database->getQueryException(string, int, string, string)
#1 /Users/mohitkumar/Downloads/PProjects/wikipedia_v2/GnosPedia/includes/libs/rdbms/database/Database.php(1190): Wikimedia\Rdbms\Database->getQueryExceptionAndLog(string, int, string, string)
#2 /Users/mohitkumar/Downloads/PProjects/wikipedia_v2/GnosPedia/includes/libs/rdbms/database/Database.php(647): Wikimedia\Rdbms\Database->reportQueryError(string, int, string, string, bool)
#3 /Users/mohitkumar/Downloads/PProjects/wikipedia_v2/GnosPedia/includes/libs/rdbms/database/Database.php(1367): Wikimedia\Rdbms\Database->query(Wikimedia\Rdbms\Query, string)
#4 /Users/mohitkumar/Downloads/PProjects/wikipedia_v2/GnosPedia/includes/libs/rdbms/database/DBConnRef.php(127): Wikimedia\Rdbms\Database->select(array, array, array, string, array, array)
#5 /Users/mohitkumar/Downloads/PProjects/wikipedia_v2/GnosPedia/includes/libs/rdbms/database/DBConnRef.php(351): Wikimedia\Rdbms\DBConnRef->__call(string, array)
#6 /Users/mohitkumar/Downloads/PProjects/wikipedia_v2/GnosPedia/includes/libs/rdbms/querybuilder/SelectQueryBuilder.php(761): Wikimedia\Rdbms\DBConnRef->select(array, array, array, string, array, array)
#7 /Users/mohitkumar/Downloads/PProjects/wikipedia_v2/GnosPedia/extensions/CreateWiki/includes/Services/CreateWikiDataStore.php(135): Wikimedia\Rdbms\SelectQueryBuilder->fetchResultSet()
#8 /Users/mohitkumar/Downloads/PProjects/wikipedia_v2/GnosPedia/extensions/CreateWiki/includes/Services/CreateWikiDataStore.php(68): Miraheze\CreateWiki\Services\CreateWikiDataStore->resetDatabaseLists(bool)
#9 /Users/mohitkumar/Downloads/PProjects/wikipedia_v2/GnosPedia/extensions/CreateWiki/includes/Hooks/Handlers/Main.php(69): Miraheze\CreateWiki\Services\CreateWikiDataStore->syncCache()
#10 /Users/mohitkumar/Downloads/PProjects/wikipedia_v2/GnosPedia/includes/HookContainer/HookContainer.php(155): Miraheze\CreateWiki\Hooks\Handlers\Main->onSetupAfterCache()
#11 /Users/mohitkumar/Downloads/PProjects/wikipedia_v2/GnosPedia/includes/HookContainer/HookRunner.php(3510): MediaWiki\HookContainer\HookContainer->run(string, array)
#12 /Users/mohitkumar/Downloads/PProjects/wikipedia_v2/GnosPedia/includes/Setup.php(478): MediaWiki\HookContainer\HookRunner->onSetupAfterCache()
#13 /Users/mohitkumar/Downloads/PProjects/wikipedia_v2/GnosPedia/includes/WebStart.php(86): require_once(string)
#14 /Users/mohitkumar/Downloads/PProjects/wikipedia_v2/GnosPedia/index.php(50): require(string)
#15 {main}
2025-09-17 19:01:58 Mohits-MacBook-Pro.local my_wiki: [9e3ee65eef68487251ba38ac] /   Miraheze\CreateWiki\Exceptions\MissingWikiError: <div class="cdx-message--error cdx-message cdx-message--block"><span class="cdx-message__icon"></span><div class="cdx-message__content">The wiki 'my_wiki' does not exist.</div></div>
#0 /Users/mohitkumar/Downloads/PProjects/wikipedia_v2/GnosPedia/extensions/CreateWiki/includes/Services/RemoteWikiFactory.php(22): Miraheze\CreateWiki\Helpers\RemoteWiki->__construct(Miraheze\CreateWiki\Services\CreateWikiDatabaseUtils, Miraheze\CreateWiki\Services\CreateWikiDataStore, Miraheze\CreateWiki\Hooks\CreateWikiHookRunner, MediaWiki\JobQueue\JobQueueGroupFactory, MediaWiki\Config\ServiceOptions, string)
#1 /Users/mohitkumar/Downloads/PProjects/wikipedia_v2/GnosPedia/extensions/CreateWiki/includes/Hooks/Handlers/Main.php(86): Miraheze\CreateWiki\Services\RemoteWikiFactory->newInstance(string)
#2 /Users/mohitkumar/Downloads/PProjects/wikipedia_v2/GnosPedia/includes/HookContainer/HookContainer.php(155): Miraheze\CreateWiki\Hooks\Handlers\Main->onSetupAfterCache()
#3 /Users/mohitkumar/Downloads/PProjects/wikipedia_v2/GnosPedia/includes/HookContainer/HookRunner.php(3510): MediaWiki\HookContainer\HookContainer->run(string, array)
#4 /Users/mohitkumar/Downloads/PProjects/wikipedia_v2/GnosPedia/includes/Setup.php(478): MediaWiki\HookContainer\HookRunner->onSetupAfterCache()
#5 /Users/mohitkumar/Downloads/PProjects/wikipedia_v2/GnosPedia/includes/WebStart.php(86): require_once(string)
#6 /Users/mohitkumar/Downloads/PProjects/wikipedia_v2/GnosPedia/index.php(50): require(string)
#7 {main}
2025-09-17 19:03:37 Mohits-MacBook-Pro.local movies_wiki: [5a819c1cdb86abb90b41f43c] /   Wikimedia\Rdbms\DBQueryError: Error 1: no such table: page
Function: MessageCache::loadFromDB(en)-big
Query: SELECT  page_title,page_latest  FROM "page"    WHERE page_is_redirect = 0 AND page_namespace = 8 AND (page_title NOT LIKE '%/%' ESCAPE '`') AND (page_len > 10000)  

#0 /Users/mohitkumar/Downloads/PProjects/wikipedia_v2/GnosPedia/includes/libs/rdbms/database/Database.php(1216): Wikimedia\Rdbms\Database->getQueryException(string, int, string, string)
#1 /Users/mohitkumar/Downloads/PProjects/wikipedia_v2/GnosPedia/includes/libs/rdbms/database/Database.php(1190): Wikimedia\Rdbms\Database->getQueryExceptionAndLog(string, int, string, string)
#2 /Users/mohitkumar/Downloads/PProjects/wikipedia_v2/GnosPedia/includes/libs/rdbms/database/Database.php(647): Wikimedia\Rdbms\Database->reportQueryError(string, int, string, string, bool)
#3 /Users/mohitkumar/Downloads/PProjects/wikipedia_v2/GnosPedia/includes/libs/rdbms/database/Database.php(1367): Wikimedia\Rdbms\Database->query(Wikimedia\Rdbms\Query, string)
#4 /Users/mohitkumar/Downloads/PProjects/wikipedia_v2/GnosPedia/includes/libs/rdbms/database/DBConnRef.php(127): Wikimedia\Rdbms\Database->select(array, array, array, string, array, array)
#5 /Users/mohitkumar/Downloads/PProjects/wikipedia_v2/GnosPedia/includes/libs/rdbms/database/DBConnRef.php(351): Wikimedia\Rdbms\DBConnRef->__call(string, array)
#6 /Users/mohitkumar/Downloads/PProjects/wikipedia_v2/GnosPedia/includes/libs/rdbms/querybuilder/SelectQueryBuilder.php(761): Wikimedia\Rdbms\DBConnRef->select(array, array, array, string, array, array)
#7 /Users/mohitkumar/Downloads/PProjects/wikipedia_v2/GnosPedia/includes/language/MessageCache.php(546): Wikimedia\Rdbms\SelectQueryBuilder->fetchResultSet()
#8 /Users/mohitkumar/Downloads/PProjects/wikipedia_v2/GnosPedia/includes/language/MessageCache.php(438): MessageCache->loadFromDB(string, null)
#9 /Users/mohitkumar/Downloads/PProjects/wikipedia_v2/GnosPedia/includes/language/MessageCache.php(355): MessageCache->loadFromDBWithMainLock(string, array, null)
#10 /Users/mohitkumar/Downloads/PProjects/wikipedia_v2/GnosPedia/includes/language/MessageCache.php(275): MessageCache->loadUnguarded(string, null)
#11 /Users/mohitkumar/Downloads/PProjects/wikipedia_v2/GnosPedia/includes/language/MessageCache.php(1284): MessageCache->load(string)
#12 /Users/mohitkumar/Downloads/PProjects/wikipedia_v2/GnosPedia/includes/language/MessageCache.php(1173): MessageCache->getMsgFromNamespace(string, string)
#13 /Users/mohitkumar/Downloads/PProjects/wikipedia_v2/GnosPedia/includes/language/MessageCache.php(1146): MessageCache->getMessageForLang(string, string, bool, array, MediaWiki\Language\MessageInfo)
#14 /Users/mohitkumar/Downloads/PProjects/wikipedia_v2/GnosPedia/includes/language/MessageCache.php(1041): MessageCache->getMessageFromFallbackChain(string, string, bool, MediaWiki\Language\MessageInfo)
#15 /Users/mohitkumar/Downloads/PProjects/wikipedia_v2/GnosPedia/includes/language/Message/Message.php(1545): MessageCache->get(string, bool, string, MediaWiki\Language\MessageInfo)
#16 /Users/mohitkumar/Downloads/PProjects/wikipedia_v2/GnosPedia/includes/language/Message/Message.php(1059): MediaWiki\Message\Message->fetchMessage()
#17 /Users/mohitkumar/Downloads/PProjects/wikipedia_v2/GnosPedia/includes/language/Message/Message.php(1151): MediaWiki\Message\Message->format(string)
#18 /Users/mohitkumar/Downloads/PProjects/wikipedia_v2/GnosPedia/includes/title/Title.php(694): MediaWiki\Message\Message->text()
#19 /Users/mohitkumar/Downloads/PProjects/wikipedia_v2/GnosPedia/includes/actions/ActionEntryPoint.php(305): MediaWiki\Title\Title::newMainPage()
#20 /Users/mohitkumar/Downloads/PProjects/wikipedia_v2/GnosPedia/includes/actions/ActionEntryPoint.php(327): MediaWiki\Actions\ActionEntryPoint->parseTitle(MediaWiki\Request\WebRequest)
#21 /Users/mohitkumar/Downloads/PProjects/wikipedia_v2/GnosPedia/includes/actions/ActionEntryPoint.php(91): MediaWiki\Actions\ActionEntryPoint->getTitle()
#22 /Users/mohitkumar/Downloads/PProjects/wikipedia_v2/GnosPedia/includes/MediaWikiEntryPoint.php(202): MediaWiki\Actions\ActionEntryPoint->execute()
#23 /Users/mohitkumar/Downloads/PProjects/wikipedia_v2/GnosPedia/index.php(58): MediaWiki\MediaWikiEntryPoint->run()
#24 {main}
